{"/Users/roanjones/Desktop/Year-2/SD&D/js-registration-form/validation.js": {"path":"/Users/roanjones/Desktop/Year-2/SD&D/js-registration-form/validation.js","statementMap":{"0":{"start":{"line":2,"column":22},"end":{"line":2,"column":44}},"1":{"start":{"line":3,"column":4},"end":{"line":3,"column":37}},"2":{"start":{"line":6,"column":0},"end":{"line":6,"column":39}}},"fnMap":{"0":{"name":"validateFirstName","decl":{"start":{"line":1,"column":9},"end":{"line":1,"column":26}},"loc":{"start":{"line":1,"column":38},"end":{"line":4,"column":1}},"line":1}},"branchMap":{},"s":{"0":5,"1":5,"2":1},"f":{"0":5},"b":{},"_coverageSchema":"1a1c01bbd47fc00a2c39e90264f33305004495a9","hash":"48e2d2a65ea5198ca696ab3e119798431d1688aa"}
}
